0 info it worked if it ends with ok
1 verbose cli [ '/usr/local/bin/node', '/usr/local/bin/npm', 'start' ]
2 info using npm@3.8.1
3 info using node@v4.2.1
4 verbose run-script [ 'prestart', 'start', 'poststart' ]
5 info lifecycle aubrey-portfolio@0.0.1~prestart: aubrey-portfolio@0.0.1
6 silly lifecycle aubrey-portfolio@0.0.1~prestart: no script for prestart, continuing
7 info lifecycle aubrey-portfolio@0.0.1~start: aubrey-portfolio@0.0.1
8 verbose lifecycle aubrey-portfolio@0.0.1~start: unsafe-perm in lifecycle true
9 verbose lifecycle aubrey-portfolio@0.0.1~start: PATH: /usr/local/lib/node_modules/npm/bin/node-gyp-bin:/Users/istateside/projects/aubrey-portfolio/node_modules/.bin:/usr/local/bin:/usr/local/Cellar/android-platform-tools/23.0.0/bin/:/usr/local/bin:/Users/istateside/.rvm/gems/ruby-2.2.1/bin:/Users/istateside/.rvm/gems/ruby-2.2.1@global/bin:/Users/istateside/.rvm/rubies/ruby-2.2.1/bin:/usr/local/bin:/usr/bin:/bin:/usr/sbin:/sbin:/usr/local/git/bin:/Users/istateside/.rvm/bin
10 verbose lifecycle aubrey-portfolio@0.0.1~start: CWD: /Users/istateside/projects/aubrey-portfolio
11 silly lifecycle aubrey-portfolio@0.0.1~start: Args: [ '-c',
11 silly lifecycle   'webpack-dev-server --hot --inline --history-api-fallback' ]
12 silly lifecycle aubrey-portfolio@0.0.1~start: Returned: code: 1  signal: null
13 info lifecycle aubrey-portfolio@0.0.1~start: Failed to exec start script
14 verbose stack Error: aubrey-portfolio@0.0.1 start: `webpack-dev-server --hot --inline --history-api-fallback`
14 verbose stack Exit status 1
14 verbose stack     at EventEmitter.<anonymous> (/usr/local/lib/node_modules/npm/lib/utils/lifecycle.js:239:16)
14 verbose stack     at emitTwo (events.js:87:13)
14 verbose stack     at EventEmitter.emit (events.js:172:7)
14 verbose stack     at ChildProcess.<anonymous> (/usr/local/lib/node_modules/npm/lib/utils/spawn.js:24:14)
14 verbose stack     at emitTwo (events.js:87:13)
14 verbose stack     at ChildProcess.emit (events.js:172:7)
14 verbose stack     at maybeClose (internal/child_process.js:818:16)
14 verbose stack     at Process.ChildProcess._handle.onexit (internal/child_process.js:211:5)
15 verbose pkgid aubrey-portfolio@0.0.1
16 verbose cwd /Users/istateside/projects/aubrey-portfolio
17 error Darwin 15.3.0
18 error argv "/usr/local/bin/node" "/usr/local/bin/npm" "start"
19 error node v4.2.1
20 error npm  v3.8.1
21 error code ELIFECYCLE
22 error aubrey-portfolio@0.0.1 start: `webpack-dev-server --hot --inline --history-api-fallback`
22 error Exit status 1
23 error Failed at the aubrey-portfolio@0.0.1 start script 'webpack-dev-server --hot --inline --history-api-fallback'.
23 error Make sure you have the latest version of node.js and npm installed.
23 error If you do, this is most likely a problem with the aubrey-portfolio package,
23 error not with npm itself.
23 error Tell the author that this fails on your system:
23 error     webpack-dev-server --hot --inline --history-api-fallback
23 error You can get information on how to open an issue for this project with:
23 error     npm bugs aubrey-portfolio
23 error Or if that isn't available, you can get their info via:
23 error     npm owner ls aubrey-portfolio
23 error There is likely additional logging output above.
24 verbose exit [ 1, true ]
